<?xml version="1.0" encoding="UTF-8"?>
<!-- Generated by org.testng.reporters.JUnitXMLReporter -->
<testsuite ignored="0" hostname="DI2INPUN0526WNB" failures="1" tests="3" name="Error Validation Test" time="34.454" errors="0" timestamp="22 Nov 2024 14:54:56 GMT">
  <testcase classname="pawaracademy.Tests.ErrorValidationTest" name="loginErrorValidation" time="0.875">
    <skipped/>
  </testcase> <!-- loginErrorValidation -->
  <testcase classname="pawaracademy.Tests.ErrorValidationTest" name="loginErrorValidation" time="0.898">
    <failure type="java.lang.AssertionError" message="expected [Incorrect email or password.] but found [Incorrect email or password]">
      <![CDATA[java.lang.AssertionError: expected [Incorrect email or password.] but found [Incorrect email or password]
at pawaracademy.Tests.ErrorValidationTest.loginErrorValidation(ErrorValidationTest.java:33)
at java.base/java.util.concurrent.FutureTask.run(FutureTask.java:264)
at java.base/java.util.concurrent.ThreadPoolExecutor.runWorker(ThreadPoolExecutor.java:1136)
at java.base/java.util.concurrent.ThreadPoolExecutor$Worker.run(ThreadPoolExecutor.java:635)
at java.base/java.lang.Thread.run(Thread.java:833)
... Removed 22 stack frames]]>
    </failure>
  </testcase> <!-- loginErrorValidation -->
  <testcase classname="pawaracademy.Tests.ErrorValidationTest" name="productErrorValidation" time="23.366"/>
</testsuite> <!-- Error Validation Test -->
