<?xml version="1.0" encoding="UTF-8"?>
<!-- Generated by org.testng.reporters.JUnitXMLReporter -->
<testsuite ignored="0" hostname="DI2INPUN0526WNB" failures="0" tests="3" name="Submit Order Test" time="37.803" errors="0" timestamp="22 Nov 2024 14:55:00 GMT">
  <testcase classname="pawaracademy.Tests.SubmitOrderTest" name="submitOrderTest" time="14.086"/>
  <testcase classname="pawaracademy.Tests.SubmitOrderTest" name="submitOrderTest" time="14.106"/>
  <testcase classname="pawaracademy.Tests.SubmitOrderTest" name="verifyOrderProductTest" time="0.531"/>
</testsuite> <!-- Submit Order Test -->
