<?xml version="1.0" encoding="UTF-8"?>
<!-- Generated by org.testng.reporters.JUnitXMLReporter -->
<testsuite ignored="0" hostname="DI2INPUN0526WNB" failures="1" tests="6" name="Command line test" time="39.85" errors="0" timestamp="27 Nov 2024 07:22:19 GMT">
  <testcase classname="pawaracademy.Tests.SubmitOrderTest" name="submitOrderTest" time="3.864"/>
  <testcase classname="pawaracademy.Tests.SubmitOrderTest" name="submitOrderTest" time="3.89"/>
  <testcase classname="pawaracademy.Tests.ErrorValidationTest" name="loginErrorValidation" time="0.387">
    <skipped/>
  </testcase> <!-- loginErrorValidation -->
  <testcase classname="pawaracademy.Tests.ErrorValidationTest" name="loginErrorValidation" time="0.845">
    <failure type="java.lang.AssertionError" message="expected [Incorrect email or password.] but found [Incorrect email or password]">
      <![CDATA[java.lang.AssertionError: expected [Incorrect email or password.] but found [Incorrect email or password]
at pawaracademy.Tests.ErrorValidationTest.loginErrorValidation(ErrorValidationTest.java:33)
... Removed 41 stack frames]]>
    </failure>
  </testcase> <!-- loginErrorValidation -->
  <testcase classname="pawaracademy.Tests.ErrorValidationTest" name="productErrorValidation" time="13.234"/>
  <testcase classname="pawaracademy.Tests.SubmitOrderTest" name="verifyOrderProductTest" time="0.44"/>
</testsuite> <!-- Command line test -->
