<?xml version="1.0" encoding="UTF-8"?>
<!-- Generated by org.testng.reporters.JUnitXMLReporter -->
<testsuite ignored="1" hostname="DI2INPUN0526WNB" failures="0" tests="2" name="Submit Order Test" time="13.724" errors="0" timestamp="27 Nov 2024 12:38:55 GMT">
  <testcase classname="pawaracademy.Tests.SubmitOrderTest" name="submitOrderTest" time="3.975"/>
  <testcase classname="pawaracademy.Tests.SubmitOrderTest" name="submitOrderTest" time="4.003"/>
  <testcase classname="pawaracademy.Tests.SubmitOrderTest" name="verifyOrderProductTest" time="0.0">
    <ignored/>
  </testcase> <!-- verifyOrderProductTest -->
</testsuite> <!-- Submit Order Test -->
