<?xml version="1.0" encoding="UTF-8"?>
<testng-results ignored="0" total="1" passed="1" failed="0" skipped="0">
  <reporter-output>
  </reporter-output>
  <suite started-at="2024-11-29T06:59:44Z" name="Surefire suite" finished-at="2024-11-29T07:00:02Z" duration-ms="17403">
    <groups>
      <group name="cucumber">
        <method signature="AbstractTestNGCucumberTests.runScenario(io.cucumber.testng.PickleWrapper, io.cucumber.testng.FeatureWrapper)[pri:0, instance:pawaracademy.Cucumber.TestNGTestRunner@185a6e9]" name="runScenario" class="io.cucumber.testng.AbstractTestNGCucumberTests"/>
      </group> <!-- cucumber -->
    </groups>
    <test started-at="2024-11-29T06:59:44Z" name="Surefire test" finished-at="2024-11-29T07:00:02Z" duration-ms="17403">
      <class name="pawaracademy.Cucumber.TestNGTestRunner">
        <test-method is-config="true" signature="setUpClass(org.testng.ITestContext)[pri:0, instance:pawaracademy.Cucumber.TestNGTestRunner@185a6e9]" started-at="2024-11-29T06:59:44Z" name="setUpClass" finished-at="2024-11-29T06:59:45Z" duration-ms="332" status="PASS">
          <params>
            <param index="0">
              <value>
                <![CDATA[org.testng.TestRunner@20de05e5]]>
              </value>
            </param>
          </params>
          <reporter-output>
          </reporter-output>
        </test-method> <!-- setUpClass -->
        <test-method signature="runScenario(io.cucumber.testng.PickleWrapper, io.cucumber.testng.FeatureWrapper)[pri:0, instance:pawaracademy.Cucumber.TestNGTestRunner@185a6e9]" started-at="2024-11-29T06:59:45Z" name="runScenario" description="Runs Cucumber Scenarios" data-provider="scenarios" finished-at="2024-11-29T07:00:02Z" duration-ms="17046" status="PASS">
          <params>
            <param index="0">
              <value>
                <![CDATA["E2E validation for submit order from E-commerence"]]>
              </value>
            </param>
            <param index="1">
              <value>
                <![CDATA["Title of your feature"]]>
              </value>
            </param>
          </params>
          <reporter-output>
          </reporter-output>
        </test-method> <!-- runScenario -->
        <test-method is-config="true" signature="tearDownClass()[pri:0, instance:pawaracademy.Cucumber.TestNGTestRunner@185a6e9]" started-at="2024-11-29T07:00:02Z" name="tearDownClass" finished-at="2024-11-29T07:00:02Z" duration-ms="16" status="PASS">
          <reporter-output>
          </reporter-output>
        </test-method> <!-- tearDownClass -->
      </class> <!-- pawaracademy.Cucumber.TestNGTestRunner -->
    </test> <!-- Surefire test -->
  </suite> <!-- Surefire suite -->
</testng-results>
